{
  "RSpec": {
    "coverage": {
      "/home/tcs/ayan-blog/app/models/user.rb": [
        1,
        null,
        null,
        1,
        1,
        null,
        1,
        1,
        1,
        1,
        null,
        null,
        1,
        22,
        22,
        null,
        null
      ],
      "/home/tcs/ayan-blog/app/helpers/application_helper.rb": [
        1,
        null
      ],
      "/home/tcs/ayan-blog/app/helpers/articles_helper.rb": [
        1,
        null
      ],
      "/home/tcs/ayan-blog/app/helpers/comments_helper.rb": [
        1,
        null
      ],
      "/home/tcs/ayan-blog/app/helpers/welcome_helper.rb": [
        1,
        null
      ],
      "/home/tcs/ayan-blog/app/controllers/articles_controller.rb": [
        1,
        1,
        1,
        1,
        null,
        1,
        0,
        null,
        1,
        0,
        null,
        1,
        0,
        null,
        1,
        null,
        1,
        0,
        0,
        null,
        0,
        null,
        null,
        null,
        null,
        1,
        0,
        0,
        null,
        0,
        null,
        0,
        0,
        null,
        null,
        null,
        1,
        0,
        0,
        0,
        null,
        0,
        null,
        null,
        1,
        0,
        0,
        null,
        0,
        0,
        0,
        null,
        null,
        1,
        0,
        0,
        0,
        null,
        1,
        0,
        0,
        0,
        null,
        1,
        1,
        0,
        null,
        1,
        0,
        0,
        0,
        null,
        null
      ],
      "/home/tcs/ayan-blog/app/controllers/application_controller.rb": [
        1,
        null,
        null,
        1,
        1,
        0,
        0,
        null,
        null,
        null
      ]
    },
    "timestamp": 1428645422
  }
}
