{
  "RSpec": {
    "coverage": {
      "/home/ayansaha91/blog5/app/models/user.rb": [
        1,
        null,
        null,
        1,
        1,
        null,
        1,
        1,
        1,
        null,
        null,
        1,
        10,
        10,
        0,
        null,
        null,
        null
      ],
      "/home/ayansaha91/blog5/app/helpers/application_helper.rb": [
        1,
        null
      ],
      "/home/ayansaha91/blog5/app/helpers/articles_helper.rb": [
        1,
        null
      ],
      "/home/ayansaha91/blog5/app/helpers/comments_helper.rb": [
        1,
        null
      ],
      "/home/ayansaha91/blog5/app/helpers/welcome_helper.rb": [
        1,
        null
      ],
      "/home/ayansaha91/blog5/app/controllers/articles_controller.rb": [
        1,
        1,
        8,
        1,
        null,
        null,
        1,
        1,
        null,
        1,
        1,
        null,
        1,
        null,
        1,
        0,
        null,
        null,
        null,
        null,
        1,
        2,
        2,
        null,
        1,
        null,
        1,
        1,
        null,
        null,
        null,
        1,
        0,
        0,
        0,
        null,
        0,
        null,
        null,
        1,
        null,
        0,
        0,
        0,
        null,
        null,
        1,
        0,
        0,
        0,
        null,
        1,
        0,
        0,
        0,
        null,
        1,
        1,
        7,
        null,
        1,
        4,
        4,
        4,
        null,
        null
      ],
      "/home/ayansaha91/blog5/app/controllers/application_controller.rb": [
        1,
        null,
        null,
        1,
        1,
        3,
        3,
        null,
        null,
        null
      ],
      "/home/ayansaha91/blog5/app/models/article.rb": [
        1,
        1,
        1,
        null,
        1,
        null,
        null,
        1,
        null,
        null,
        null
      ],
      "/home/ayansaha91/blog5/app/models/ability.rb": [
        1,
        1,
        null,
        1,
        null,
        null,
        7,
        7,
        0,
        7,
        0,
        null,
        7,
        7,
        7,
        null,
        null,
        null,
        null,
        null,
        null,
        null,
        null,
        null,
        null,
        null,
        null,
        null,
        null,
        null,
        null,
        null,
        null,
        null,
        null,
        null,
        null
      ]
    },
    "timestamp": 1428912525
  }
}
